--- 2025-12-12 10:47:35 INFO: ---

Command: /lib64/ld-linux-x86-64.so.2 /opt/donotcry encrypt /media/data/Images
/lib64/ld-linux-x86-64.so.2 /opt/donotcry encrypt /media/data/Images
[32m[*] Encrypting /media/data/Images/Valid/95_img_SimpleFlight_3_0_1645626596093837700.png[0m
[32m[*] Encrypting /media/data/Images/Valid/64_img_SimpleFlight_3_0_1646229451587782100.png[0m
[32m[*] Encrypting /media/data/Images/Valid/438_img_SimpleFlight_3_0_1646229460408518200.png[0m
[32m[*] Encrypting /media/data/Images/Valid/105_img_SimpleFlight_3_0_1646229596750256200.png[0m
[32m[*] Encrypting /media/data/Images/Valid/30_land_pad2__1425.jpg[0m
[32m[*] Encrypting /media/data/Images/Valid/448_img_SimpleFlight_3_0_1646229545078614300.png[0m
[32m[*] Encrypting /media/data/Images/Valid/475_img_SimpleFlight_3_0_1646229472182237900.png[0m
[32m[*] Encrypting /media/data/Images/Valid/419_land_pad2__250.jpg[0m
[32m[*] Encrypting /media/data/Images/Valid/240_img_SimpleFlight_3_0_1646229606191698900.png[0m
[32m[*] Encrypting /media/data/Images/Valid/467_img_SimpleFlight_3_0_1645626803617630800.png[0m
[32m[*] Encrypting /media/data/Images/Valid/37_img_SimpleFlight_3_0_1646229542290765600.png[0m
[32m[*] Encrypting /media/data/Images/Valid/478_land_pad__1525.jpg[0m
[32m[*] Encrypting /media/data/Images/Valid/169_img_SimpleFlight_3_0_1645626783181477100.png[0m
[32m[*] Encrypting /media/data/Images/Valid/62_img_SimpleFlight_3_0_1646229586779552000.png[0m
[32m[*] Encrypting /media/data/Images/Valid/150_img_SimpleFlight_3_0_1646229445418480500.png[0m
[32m[*] Encrypting /media/data/Images/Valid/203_img_SimpleFlight_3_0_1646229584162266400.png[0m
[32m[*] Encrypting /media/data/Images/Valid/261_img_SimpleFlight_3_0_1646229469516638000.png[0m
[32m[*] Encrypting /media/data/Images/Valid/396_land_pad2__2250.jpg[0m
[32m[*] Encrypting /media/data/Images/Valid/200_land_pad__5875.jpg[0m
[32m[*] Encrypting /media/data/Images/Valid/38_land_pad__4175.jpg[0m
[32m[*] Encrypting /media/data/Images/Valid/255_img_SimpleFlight_3_0_1646229456808923600.png[0m
[32m[*] Encrypting /media/data/Images/Valid/443_img_SimpleFlight_3_0_1646229453229344000.png[0m
[32m[*] Encrypting /media/data/Images/Valid/331_land_pad__6150.jpg[0m
[32m[*] Encrypting /media/data/Images/Valid/248_img_SimpleFlight_3_0_1646229601286828200.png[0m
[32m[*] Encrypting /media/data/Images/Valid/196_img_SimpleFlight_3_0_1646229600263247400.png[0m
[32m[*] Encrypting /media/data/Images/Valid/177_img_SimpleFlight_3_0_1646229465587360000.png[0m
[32m[*] Encrypting /media/data/Images/Valid/43_img_SimpleFlight_3_0_1646229594736672700.png[0m
[32m[*] Encrypting /media/data/Images/Valid/315_img_SimpleFlight_3_0_1646229456064408300.png[0m
[32m[*] Encrypting /media/data/Images/Valid/31_img_SimpleFlight_3_0_1646229539067117100.png[0m
[32m[*] Encrypting /media/data/Images/Valid/391_land_pad__4825.jpg[0m
[32m[*] Encrypting /media/data/Images/Valid/372_img_SimpleFlight_3_0_1645626804360089500.png[0m
[32m[*] Encrypting /media/data/Images/Valid/101_land_pad__7625.jpg[0m
[32m[*] Encrypting /media/data/Images/Valid/122_img_SimpleFlight_3_0_1645626829075729100.png[0m
[32m[*] Encrypting /media/data/Images/Valid/259_img_SimpleFlight_3_0_1646229452769336200.png[0m
[32m[*] Encrypting /media/data/Images/Valid/149_img_SimpleFlight_3_0_1645626780583974100.png[0m
[32m[*] Encrypting /media/data/Images/Valid/257_img_SimpleFlight_3_0_1646229467035422700.png[0m
[32m[*] Encrypting /media/data/Images/Valid/300_img_SimpleFlight_3_0_1646229544084468600.png[0m
[32m[*] Encrypting /media/data/Images/Valid/309_img_SimpleFlight_3_0_1646229598977006300.png[0m
[32m[*] Encrypting /media/data/Images/Valid/373_img_SimpleFlight_3_0_1646229584921250600.png[0m
[32m[*] Encrypting /media/data/Images/Valid/211_img_SimpleFlight_3_0_1646229466158496500.png[0m
[32m[*] Encrypting /media/data/Images/Valid/398_img_SimpleFlight_3_0_1645626595175818000.png[0m
[32m[*] Encrypting /media/data/Images/Valid/433_img_SimpleFlight_3_0_1646229462277748100.png[0m
[32m[*] Encrypting /media/data/Images/Valid/408_img_SimpleFlight_3_0_1646229452400646100.png[0m
[32m[*] Encrypting /media/data/Images/Valid/100_img_SimpleFlight_3_0_1645626836504487600.png[0m
[32m[*] Encrypting /media/data/Images/Valid/242_img_SimpleFlight_3_0_1646229592361289300.png[0m
[32m[*] Encrypting /media/data/Images/Valid/262_land_pad__8175.jpg[0m
[32m[*] Encrypting /media/data/Images/Valid/50_img_SimpleFlight_3_0_1646229537450048900.png[0m
[32m[*] Encrypting /media/data/Images/Valid/231_img_SimpleFlight_3_0_1646229544925163300.png[0m
[32m[*] Encrypting /media/data/Images/Valid/178_img_SimpleFlight_3_0_1646229456533473000.png[0m
[32m[*] Encrypting /media/data/Images/Valid/359_img_SimpleFlight_3_0_1646229542353841400.png[0m
[32m[*] Encrypting /media/data/Images/Valid/174_img_SimpleFlight_3_0_1646229455967626200.png[0m
[32m[*] Encrypting /media/data/Images/Valid/444_img_SimpleFlight_3_0_1646229597466142600.png[0m
[32m[*] Encrypting /media/data/Images/Valid/292_img_SimpleFlight_3_0_1646229596241473100.png[0m
[32m[*] Encrypting /media/data/Images/Valid/18_img_SimpleFlight_3_0_1646229599481520700.png[0m
[32m[*] Encrypting /media/data/Images/Valid/384_img_SimpleFlight_3_0_1646229541291168200.png[0m
[32m[*] Encrypting /media/data/Images/Valid/429_img_SimpleFlight_3_0_1646229585026460600.png[0m
[32m[*] Encrypting /media/data/Images/Valid/360_land_pad__7875.jpg[0m
[32m[*] Encrypting /media/data/Images/Valid/139_img_SimpleFlight_3_0_1645626783322948600.png[0m
[32m[*] Encrypting /media/data/Images/Valid/275_img_SimpleFlight_3_0_1646229466772315000.png[0m
[32m[*] Encrypting /media/data/Images/Valid/232_img_SimpleFlight_3_0_1646229452908854900.png[0m
[32m[*] Encrypting /media/data/Images/Valid/348_land_pad2__1075.jpg[0m
[32m[*] Encrypting /media/data/Images/Valid/302_img_SimpleFlight_3_0_1646229547559002700.png[0m
[32m[*] Encrypting /media/data/Images/Valid/208_land_pad__300.jpg[0m
[32m[*] Encrypting /media/data/Images/Valid/123_land_pad__7475.jpg[0m
[32m[*] Encrypting /media/data/Images/Valid/321_img_SimpleFlight_3_0_1645626836760866500.png[0m
[32m[*] Encrypting /media/data/Images/Valid/112_img_SimpleFlight_3_0_1646229545286637500.png[0m
[32m[*] Encrypting /media/data/Images/Valid/435_img_SimpleFlight_3_0_1646229541916424100.png[0m
[32m[*] Encrypting /media/data/Images/Valid/336_land_pad__250.jpg[0m
[32m[*] Encrypting /media/data/Images/Valid/48_img_SimpleFlight_3_0_1645626829420062200.png[0m
[32m[*] Encrypting /media/data/Images/Valid/335_img_SimpleFlight_3_0_1645626829020208100.png[0m
[32m[*] Encrypting /media/data/Images/Valid/322_img_SimpleFlight_3_0_1646229541480332800.png[0m
[32m[*] Encrypting /media/data/Images/Valid/93_img_SimpleFlight_3_0_1645626827424902800.png[0m
[32m[*] Encrypting /media/data/Images/Valid/354_img_SimpleFlight_3_0_1645626777738421100.png[0m
[32m[*] Encrypting /media/data/Images/Valid/187_img_SimpleFlight_3_0_1646229594436911400.png[0m
[32m[*] Encrypting /media/data/Images/Valid/76_img_SimpleFlight_3_0_1646229452603539700.png[0m
[32m[*] Encrypting /media/data/Images/Valid/221_img_SimpleFlight_3_0_1646229453717540100.png[0m
[32m[*] Encrypting /media/data/Images/Valid/0_img_SimpleFlight_3_0_1645626827731469600.png[0m
[32m[*] Encrypting /media/data/Images/Valid/212_land_pad__8425.jpg[0m
[32m[*] Encrypting /media/data/Images/Valid/113_img_SimpleFlight_3_0_1646229468372294900.png[0m
[32m[*] Encrypting /media/data/Images/Valid/68_img_SimpleFlight_3_0_1646229536745866100.png[0m
[32m[*] Encrypting /media/data/Images/Valid/53_img_SimpleFlight_3_0_1646229459833471600.png[0m
[32m[*] Encrypting /media/data/Images/Valid/89_land_pad__6225.jpg[0m
[32m[*] Encrypting /media/data/Images/Valid/180_land_pad2__1875.jpg[0m
[32m[*] Encrypting /media/data/Images/Valid/104_img_SimpleFlight_3_0_1646229597323530800.png[0m
[32m[*] Encrypting /media/data/Images/Valid/110_img_SimpleFlight_3_0_1646229456014702500.png[0m
[32m[*] Encrypting /media/data/Images/Valid/318_land_pad2__2350.jpg[0m
[32m[*] Encrypting /media/data/Images/Valid/86_img_SimpleFlight_3_0_1646229468654639900.png[0m
[32m[*] Encrypting /media/data/Images/Valid/279_land_pad__6350.jpg[0m
[32m[*] Encrypting /media/data/Images/Valid/375_land_pad__3800.jpg[0m
[32m[*] Encrypting /media/data/Images/Valid/65_img_SimpleFlight_3_0_1646229454547663100.png[0m
[32m[*] Encrypting /media/data/Images/Valid/411_img_SimpleFlight_3_0_1646229583339439800.png[0m
[32m[*] Encrypting /media/data/Images/Valid/46_land_pad__4450.jpg[0m
[32m[*] Encrypting /media/data/Images/Valid/340_img_SimpleFlight_3_0_1646229469417765600.png[0m
[32m[*] Encrypting /media/data/Images/Valid/140_img_SimpleFlight_3_0_1646229539256588200.png[0m
[32m[*] Encrypting /media/data/Images/Valid/210_land_pad__6800.jpg[0m
[32m[*] Encrypting /media/data/Images/Valid/146_img_SimpleFlight_3_0_1645626836924515100.png[0m
[32m[*] Encrypting /media/data/Images/Valid/431_img_SimpleFlight_3_0_1645626596208260900.png[0m
[32m[*] Encrypting /media/data/Images/Valid/176_img_SimpleFlight_3_0_1646229601747358200.png[0m
[32m[*] Encrypting /media/data/Images/Valid/476_img_SimpleFlight_3_0_1645626596328757300.png[0m
[32m[*] Encrypting /media/data/Images/Valid/312_img_SimpleFlight_3_0_1646229540308025000.png[0m
[32m[*] Encrypting /media/data/Images/Valid/334_land_pad2__1675.jpg[0m
[32m[*] Encrypting /media/data/Images/Valid/414_img_SimpleFlight_3_0_1646229548400118700.png[0m
[32m[*] Encrypting /media/data/Images/Valid/82_land_pad__2650.jpg[0m
[32m[*] Encrypting /media/data/Images/Valid/90_img_SimpleFlight_3_0_1645626781158807900.png[0m
[32m[*] Encrypting /media/data/Images/Valid/273_img_SimpleFlight_3_0_1646229548680826100.png[0m
[32m[*] Encrypting /media/data/Images/Valid/24_land_pad__3450.jpg[0m
[32m[*] Encrypting /media/data/Images/Valid/144_img_SimpleFlight_3_0_1645626781375708800.png[0m
[32m[*] Encrypting /media/data/Images/Valid/330_img_SimpleFlight_3_0_1646229597787397500.png[0m
[32m[*] Encrypting /media/data/Images/Valid/223_img_SimpleFlight_3_0_1646229467291962800.png[0m
[32m[*] Encrypting /media/data/Images/Valid/183_img_SimpleFlight_3_0_1646229604569913000.png[0m
[32m[*] Encrypting /media/data/Images/Valid/344_img_SimpleFlight_3_0_1646229459777941400.png[0m
[32m[*] Encrypting /media/data/Images/Valid/44_img_SimpleFlight_3_0_1645626781010151800.png[0m
[32m[*] Encrypting /media/data/Images/Valid/226_img_SimpleFlight_3_0_1646229542912181600.png[0m
[32m[*] Encrypting /media/data/Images/Valid/265_img_SimpleFlight_3_0_1646229587165255900.png[0m
[32m[*] Encrypting /media/data/Images/Valid/66_img_SimpleFlight_3_0_1646229543872576900.png[0m
[32m[*] Encrypting /media/data/Images/Valid/32_img_SimpleFlight_3_0_1645626833735204300.png[0m
[32m[*] Encrypting /media/data/Images/Valid/29_img_SimpleFlight_3_0_1646229462129794300.png[0m
[32m[*] Encrypting /media/data/Images/Valid/142_img_SimpleFlight_3_0_1646229590616635500.png[0m
[32m[*] Encrypting /media/data/Images/Valid/23_img_SimpleFlight_3_0_1645626595703723600.png[0m
[32m[*] Encrypting /media/data/Images/Valid/347_img_SimpleFlight_3_0_1646229451533775900.png[0m
[32m[*] Encrypting /media/data/Images/Valid/363_img_SimpleFlight_3_0_1646229452090555800.png[0m
[32m[*] Encrypting /media/data/Images/Valid/264_img_SimpleFlight_3_0_1646229465834568000.png[0m
[32m[*] Encrypting /media/data/Images/Valid/120_img_SimpleFlight_3_0_1646229587587683800.png[0m
[32m[*] Encrypting /media/data/Images/Valid/376_img_SimpleFlight_3_0_1646229585332254500.png[0m
[32m[*] Encrypting /media/data/Images/Valid/73_img_SimpleFlight_3_0_1646229447663896000.png[0m
[32m[*] Encrypting /media/data/Images/Valid/343_img_SimpleFlight_3_0_1645626827539591800.png[0m
[32m[*] Encrypting /media/data/Images/Valid/424_img_SimpleFlight_3_0_1646229589479279400.png[0m
[32m[*] Encrypting /media/data/Images/Valid/456_img_SimpleFlight_3_0_1646229595100668700.png[0m
[32m[*] Encrypting /media/data/Images/Valid/145_img_SimpleFlight_3_0_1646229464807899300.png[0m
[32m[*] Encrypting /media/data/Images/Valid/215_land_pad__2875.jpg[0m
[32m[*] Encrypting /media/data/Images/Valid/72_land_pad__3900.jpg[0m
[32m[*] Encrypting /media/data/Images/Valid/114_img_SimpleFlight_3_0_1646229445371041200.png[0m
[32m[*] Encrypting /media/data/Images/Valid/220_img_SimpleFlight_3_0_1645626805449367000.png[0m
[32m[*] Encrypting /media/data/Images/Valid/115_land_pad2__1400.jpg[0m
[32m[*] Encrypting /media/data/Images/Valid/70_img_SimpleFlight_3_0_1646229541420109400.png[0m
[32m[*] Encrypting /media/data/Images/Valid/469_img_SimpleFlight_3_0_1646229461865773400.png[0m
[32m[*] Encrypting /media/data/Images/Valid/416_img_SimpleFlight_3_0_1646229445926811600.png[0m
[32m[*] Encrypting /media/data/Images/Valid/41_img_SimpleFlight_3_0_1645626835911253700.png[0m
[32m[*] Encrypting /media/data/Images/Valid/311_img_SimpleFlight_3_0_1646229544616701600.png[0m
[32m[*] Encrypting /media/data/Images/Valid/138_img_SimpleFlight_3_0_1646229457132274500.png[0m
[32m[*] Encrypting /media/data/Images/Valid/141_land_pad__575.jpg[0m
[32m[*] Encrypting /media/data/Images/Valid/280_img_SimpleFlight_3_0_1646229540044785100.png[0m
[32m[*] Encrypting /media/data/Images/Valid/455_img_SimpleFlight_3_0_1646229588551762700.png[0m
[32m[*] Encrypting /media/data/Images/Valid/107_land_pad__4125.jpg[0m
[32m[*] Encrypting /media/data/Images/Valid/87_img_SimpleFlight_3_0_1646229453663432900.png[0m
[32m[*] Encrypting /media/data/Images/Valid/276_land_pad__3300.jpg[0m
[32m[*] Encrypting /media/data/Images/Valid/289_img_SimpleFlight_3_0_1645626827599809800.png[0m
[32m[*] Encrypting /media/data/Images/Valid/403_img_SimpleFlight_3_0_1645626805294440100.png[0m
[32m[*] Encrypting /media/data/Images/Valid/462_img_SimpleFlight_3_0_1646229597683190100.png[0m
[32m[*] Encrypting /media/data/Images/Valid/442_img_SimpleFlight_3_0_1646229589596022200.png[0m
[32m[*] Encrypting /media/data/Images/Valid/47_land_pad__6575.jpg[0m

